C:\USERS\DMITRY\DOCUMENTS\VISUAL STUDIO 2012\PROJECTS\ASTAR\ASTAR\DEBUG\ASTAR.PCH
C:\USERS\DMITRY\DOCUMENTS\VISUAL STUDIO 2012\PROJECTS\ASTAR\ASTAR\DEBUG\STDAFX.OBJ
C:\USERS\DMITRY\DOCUMENTS\VISUAL STUDIO 2012\PROJECTS\ASTAR\ASTAR\DEBUG\VC110.PDB
C:\USERS\DMITRY\DOCUMENTS\VISUAL STUDIO 2012\PROJECTS\ASTAR\ASTAR\DEBUG\ASTAR.OBJ
C:\USERS\DMITRY\DOCUMENTS\VISUAL STUDIO 2012\PROJECTS\ASTAR\ASTAR\DEBUG\A CLASS.OBJ
C:\USERS\DMITRY\DOCUMENTS\VISUAL STUDIO 2012\PROJECTS\ASTAR\DEBUG\ASTAR.ILK
C:\USERS\DMITRY\DOCUMENTS\VISUAL STUDIO 2012\PROJECTS\ASTAR\DEBUG\ASTAR.EXE
C:\USERS\DMITRY\DOCUMENTS\VISUAL STUDIO 2012\PROJECTS\ASTAR\DEBUG\ASTAR.PDB
C:\Users\Dmitry\Documents\Visual Studio 2012\Projects\Astar\Astar\Debug\A class.obj
C:\Users\Dmitry\Documents\Visual Studio 2012\Projects\Astar\Astar\Debug\Astar.obj
C:\Users\Dmitry\Documents\Visual Studio 2012\Projects\Astar\Astar\Debug\stdafx.obj
C:\Users\Dmitry\Documents\Visual Studio 2012\Projects\Astar\Astar\Debug\cl.command.1.tlog
C:\Users\Dmitry\Documents\Visual Studio 2012\Projects\Astar\Astar\Debug\CL.read.1.tlog
C:\Users\Dmitry\Documents\Visual Studio 2012\Projects\Astar\Astar\Debug\CL.write.1.tlog
C:\Users\Dmitry\Documents\Visual Studio 2012\Projects\Astar\Astar\Debug\link-cvtres.read.1.tlog
C:\Users\Dmitry\Documents\Visual Studio 2012\Projects\Astar\Astar\Debug\link-cvtres.write.1.tlog
C:\Users\Dmitry\Documents\Visual Studio 2012\Projects\Astar\Astar\Debug\link-rc.read.1.tlog
C:\Users\Dmitry\Documents\Visual Studio 2012\Projects\Astar\Astar\Debug\link-rc.write.1.tlog
C:\Users\Dmitry\Documents\Visual Studio 2012\Projects\Astar\Astar\Debug\link.164-cvtres.read.1.tlog
C:\Users\Dmitry\Documents\Visual Studio 2012\Projects\Astar\Astar\Debug\link.164-cvtres.write.1.tlog
C:\Users\Dmitry\Documents\Visual Studio 2012\Projects\Astar\Astar\Debug\link.164-rc.read.1.tlog
C:\Users\Dmitry\Documents\Visual Studio 2012\Projects\Astar\Astar\Debug\link.164-rc.write.1.tlog
C:\Users\Dmitry\Documents\Visual Studio 2012\Projects\Astar\Astar\Debug\link.164.read.1.tlog
C:\Users\Dmitry\Documents\Visual Studio 2012\Projects\Astar\Astar\Debug\link.164.write.1.tlog
C:\Users\Dmitry\Documents\Visual Studio 2012\Projects\Astar\Astar\Debug\link.2128-cvtres.read.1.tlog
C:\Users\Dmitry\Documents\Visual Studio 2012\Projects\Astar\Astar\Debug\link.2128-cvtres.write.1.tlog
C:\Users\Dmitry\Documents\Visual Studio 2012\Projects\Astar\Astar\Debug\link.2128-rc.read.1.tlog
C:\Users\Dmitry\Documents\Visual Studio 2012\Projects\Astar\Astar\Debug\link.2128-rc.write.1.tlog
C:\Users\Dmitry\Documents\Visual Studio 2012\Projects\Astar\Astar\Debug\link.2128.read.1.tlog
C:\Users\Dmitry\Documents\Visual Studio 2012\Projects\Astar\Astar\Debug\link.2128.write.1.tlog
C:\Users\Dmitry\Documents\Visual Studio 2012\Projects\Astar\Astar\Debug\link.3176-cvtres.read.1.tlog
C:\Users\Dmitry\Documents\Visual Studio 2012\Projects\Astar\Astar\Debug\link.3176-cvtres.write.1.tlog
C:\Users\Dmitry\Documents\Visual Studio 2012\Projects\Astar\Astar\Debug\link.3176-rc.read.1.tlog
C:\Users\Dmitry\Documents\Visual Studio 2012\Projects\Astar\Astar\Debug\link.3176-rc.write.1.tlog
C:\Users\Dmitry\Documents\Visual Studio 2012\Projects\Astar\Astar\Debug\link.3176.read.1.tlog
C:\Users\Dmitry\Documents\Visual Studio 2012\Projects\Astar\Astar\Debug\link.3176.write.1.tlog
C:\Users\Dmitry\Documents\Visual Studio 2012\Projects\Astar\Astar\Debug\link.5008-cvtres.read.1.tlog
C:\Users\Dmitry\Documents\Visual Studio 2012\Projects\Astar\Astar\Debug\link.5008-cvtres.write.1.tlog
C:\Users\Dmitry\Documents\Visual Studio 2012\Projects\Astar\Astar\Debug\link.5008-rc.read.1.tlog
C:\Users\Dmitry\Documents\Visual Studio 2012\Projects\Astar\Astar\Debug\link.5008-rc.write.1.tlog
C:\Users\Dmitry\Documents\Visual Studio 2012\Projects\Astar\Astar\Debug\link.5008.read.1.tlog
C:\Users\Dmitry\Documents\Visual Studio 2012\Projects\Astar\Astar\Debug\link.5008.write.1.tlog
C:\Users\Dmitry\Documents\Visual Studio 2012\Projects\Astar\Astar\Debug\link.5108-cvtres.read.1.tlog
C:\Users\Dmitry\Documents\Visual Studio 2012\Projects\Astar\Astar\Debug\link.5108-cvtres.write.1.tlog
C:\Users\Dmitry\Documents\Visual Studio 2012\Projects\Astar\Astar\Debug\link.5108-rc.read.1.tlog
C:\Users\Dmitry\Documents\Visual Studio 2012\Projects\Astar\Astar\Debug\link.5108-rc.write.1.tlog
C:\Users\Dmitry\Documents\Visual Studio 2012\Projects\Astar\Astar\Debug\link.5108.read.1.tlog
C:\Users\Dmitry\Documents\Visual Studio 2012\Projects\Astar\Astar\Debug\link.5108.write.1.tlog
C:\Users\Dmitry\Documents\Visual Studio 2012\Projects\Astar\Astar\Debug\link.command.1.tlog
C:\Users\Dmitry\Documents\Visual Studio 2012\Projects\Astar\Astar\Debug\link.read.1.tlog
C:\Users\Dmitry\Documents\Visual Studio 2012\Projects\Astar\Astar\Debug\link.write.1.tlog
C:\Users\Dmitry\Documents\Visual Studio 2012\Projects\Astar\Astar\Debug\Astar.pch
C:\Users\Dmitry\Documents\Visual Studio 2012\Projects\Astar\Astar\Debug\vc110.idb
C:\Users\Dmitry\Documents\Visual Studio 2012\Projects\Astar\Astar\Debug\vc110.pdb
C:\Users\Dmitry\Documents\Visual Studio 2012\Projects\Astar\Debug\Astar.pdb
C:\Users\Dmitry\Documents\Visual Studio 2012\Projects\Astar\Debug\Astar.exe
C:\Users\Dmitry\Documents\Visual Studio 2012\Projects\Astar\Debug\Astar.ilk
